<?xml version="1.0" encoding="UTF-8"?>
<!-- Generated by org.testng.reporters.JUnitReportReporter -->
<testsuite hostname="sravankumarc" failures="0" tests="1" name="foreignVisitors.ForeignVisitor2Test" time="6.533" errors="0" timestamp="2023-01-02T11:47:44 IST" skipped="0">
  <testcase classname="foreignVisitors.ForeignVisitor2Test" name="foreignVisitor" time="6.533"/>
  <system-out/>
</testsuite> <!-- foreignVisitors.ForeignVisitor2Test -->
