<?xml version="1.0" encoding="UTF-8"?>
<!-- Generated by org.testng.reporters.JUnitReportReporter -->
<testsuite hostname="sravankumarc" failures="0" tests="1" name="foreignVisitors.ForeignVisitor1Test" time="6.787" errors="0" timestamp="2023-01-02T11:36:04 IST" skipped="0">
  <testcase classname="foreignVisitors.ForeignVisitor1Test" name="addForeignVisitor" time="6.787"/>
  <system-out/>
</testsuite> <!-- foreignVisitors.ForeignVisitor1Test -->
