<?xml version="1.0" encoding="UTF-8"?>
<!-- Generated by org.testng.reporters.JUnitReportReporter -->
<testsuite hostname="sravankumarc" failures="0" tests="1" name="foreignVisitors.ForeignVisitor4Test" time="3.358" errors="0" timestamp="2023-01-04T14:31:14 IST" skipped="0">
  <testcase classname="foreignVisitors.ForeignVisitor4Test" name="addvisitor" time="3.358"/>
  <system-out/>
</testsuite> <!-- foreignVisitors.ForeignVisitor4Test -->
