<?xml version="1.0" encoding="UTF-8"?>
<!-- Generated by org.testng.reporters.JUnitReportReporter -->
<testsuite hostname="sravankumarc" failures="0" tests="2" name="zooManagement.AddVisitor3Test" time="12.487" errors="0" timestamp="2022-12-30T14:50:06 IST" skipped="0">
  <testcase classname="zooManagement.AddVisitor3Test" name="addVisitor" time="5.949"/>
  <system-out/>
  <testcase classname="zooManagement.AddVisitor3Test" name="addVisitor" time="6.538"/>
  <system-out/>
</testsuite> <!-- zooManagement.AddVisitor3Test -->
