<?xml version="1.0" encoding="UTF-8"?>
<!-- Generated by org.testng.reporters.JUnitReportReporter -->
<testsuite hostname="sravankumarc" failures="0" tests="1" name="foreignVisitors.ForeignVisitor9Test" time="3.090" errors="0" timestamp="2023-01-04T15:08:01 IST" skipped="0">
  <testcase classname="foreignVisitors.ForeignVisitor9Test" name="addVisitor" time="3.090"/>
  <system-out/>
</testsuite> <!-- foreignVisitors.ForeignVisitor9Test -->
