<?xml version="1.0" encoding="UTF-8"?>
<!-- Generated by org.testng.reporters.JUnitReportReporter -->
<testsuite hostname="sravankumarc" failures="0" tests="1" name="foreignVisitors.ForeignVisitor6Test" time="3.419" errors="0" timestamp="2023-01-04T14:50:01 IST" skipped="0">
  <testcase classname="foreignVisitors.ForeignVisitor6Test" name="addVisitor" time="3.419"/>
  <system-out/>
</testsuite> <!-- foreignVisitors.ForeignVisitor6Test -->
