<?xml version="1.0" encoding="UTF-8"?>
<!-- Generated by org.testng.reporters.JUnitReportReporter -->
<testsuite hostname="sravankumarc" failures="0" tests="1" name="foreignVisitors.ForeignVisitor7Test" time="4.530" errors="0" timestamp="2023-01-04T14:55:11 IST" skipped="0">
  <testcase classname="foreignVisitors.ForeignVisitor7Test" name="addVisitor" time="4.530"/>
  <system-out/>
</testsuite> <!-- foreignVisitors.ForeignVisitor7Test -->
