<?xml version="1.0" encoding="UTF-8"?>
<!-- Generated by org.testng.reporters.JUnitReportReporter -->
<testsuite hostname="sravankumarc" failures="0" tests="1" name="zooManagement.AddVisitor1Test" time="6.056" errors="0" timestamp="2022-12-30T13:02:32 IST" skipped="0">
  <testcase classname="zooManagement.AddVisitor1Test" name="addVisitor" time="6.056"/>
  <system-out/>
</testsuite> <!-- zooManagement.AddVisitor1Test -->
