<?xml version="1.0" encoding="UTF-8"?>
<!-- Generated by org.testng.reporters.JUnitReportReporter -->
<testsuite hostname="sravankumarc" failures="0" tests="1" name="foreignVisitors.ForeignVisitor3Test" time="3.247" errors="0" timestamp="2023-01-04T14:23:51 IST" skipped="0">
  <testcase classname="foreignVisitors.ForeignVisitor3Test" name="foreign" time="3.247"/>
  <system-out/>
</testsuite> <!-- foreignVisitors.ForeignVisitor3Test -->
