<?xml version="1.0" encoding="UTF-8"?>
<!-- Generated by org.testng.reporters.JUnitReportReporter -->
<testsuite hostname="sravankumarc" failures="0" tests="1" name="normalPeopleReports.Report1Test" time="9.377" errors="0" timestamp="2023-01-02T17:29:07 IST" skipped="0">
  <testcase classname="normalPeopleReports.Report1Test" name="report" time="9.377"/>
  <system-out/>
</testsuite> <!-- normalPeopleReports.Report1Test -->
