<?xml version="1.0" encoding="UTF-8"?>
<!-- Generated by org.testng.reporters.JUnitReportReporter -->
<testsuite hostname="sravankumarc" failures="0" tests="1" name="zooManagement.AddVisitor2Test" time="6.593" errors="0" timestamp="2022-12-30T13:02:54 IST" skipped="0">
  <testcase classname="zooManagement.AddVisitor2Test" name="addVisitor" time="6.593"/>
  <system-out/>
</testsuite> <!-- zooManagement.AddVisitor2Test -->
